<?xml version="1.0" encoding="UTF-8"?>
<testng-results skipped="0" failed="0" total="4" passed="4">
  <reporter-output>
  </reporter-output>
  <suite name="Default suite" duration-ms="748" started-at="2018-01-13T03:31:50Z" finished-at="2018-01-13T03:31:51Z">
    <groups>
    </groups>
    <test name="Default test" duration-ms="748" started-at="2018-01-13T03:31:50Z" finished-at="2018-01-13T03:31:51Z">
      <class name="com.example.FormTest">
        <test-method status="PASS" signature="doGet(java.lang.String, java.lang.String, java.lang.String)[pri:0, instance:com.example.FormTest@24c67c0f]" name="doGet" duration-ms="441" started-at="2018-01-13T11:31:50Z" data-provider="feeder" finished-at="2018-01-13T11:31:51Z">
          <params>
            <param index="0">
              <value>
                <![CDATA[1]]>
              </value>
            </param>
            <param index="1">
              <value>
                <![CDATA[2]]>
              </value>
            </param>
            <param index="2">
              <value>
                <![CDATA[3]]>
              </value>
            </param>
          </params>
          <reporter-output>
          </reporter-output>
        </test-method> <!-- doGet -->
        <test-method status="PASS" signature="doGet(java.lang.String, java.lang.String, java.lang.String)[pri:0, instance:com.example.FormTest@24c67c0f]" name="doGet" duration-ms="28" started-at="2018-01-13T11:31:51Z" data-provider="feeder" finished-at="2018-01-13T11:31:51Z">
          <params>
            <param index="0">
              <value>
                <![CDATA[2]]>
              </value>
            </param>
            <param index="1">
              <value>
                <![CDATA[3]]>
              </value>
            </param>
            <param index="2">
              <value>
                <![CDATA[5]]>
              </value>
            </param>
          </params>
          <reporter-output>
          </reporter-output>
        </test-method> <!-- doGet -->
        <test-method status="PASS" signature="doGet(java.lang.String, java.lang.String, java.lang.String)[pri:0, instance:com.example.FormTest@24c67c0f]" name="doGet" duration-ms="12" started-at="2018-01-13T11:31:51Z" data-provider="feeder" finished-at="2018-01-13T11:31:51Z">
          <params>
            <param index="0">
              <value>
                <![CDATA[3]]>
              </value>
            </param>
            <param index="1">
              <value>
                <![CDATA[4]]>
              </value>
            </param>
            <param index="2">
              <value>
                <![CDATA[7]]>
              </value>
            </param>
          </params>
          <reporter-output>
          </reporter-output>
        </test-method> <!-- doGet -->
        <test-method status="PASS" signature="doGet(java.lang.String, java.lang.String, java.lang.String)[pri:0, instance:com.example.FormTest@24c67c0f]" name="doGet" duration-ms="12" started-at="2018-01-13T11:31:51Z" data-provider="feeder" finished-at="2018-01-13T11:31:51Z">
          <params>
            <param index="0">
              <value>
                <![CDATA[4]]>
              </value>
            </param>
            <param index="1">
              <value>
                <![CDATA[5]]>
              </value>
            </param>
            <param index="2">
              <value>
                <![CDATA[9]]>
              </value>
            </param>
          </params>
          <reporter-output>
          </reporter-output>
        </test-method> <!-- doGet -->
      </class> <!-- com.example.FormTest -->
    </test> <!-- Default test -->
  </suite> <!-- Default suite -->
</testng-results>
